<?xml version="1.0" encoding="UTF-8"?>
<!-- Generated by org.testng.reporters.JUnitReportReporter -->
<testsuite hostname="Naveen_Kumar" failures="0" tests="1" name="testCases.TC001_AccountRegistrationTest" time="3.986" errors="0" timestamp="2025-05-06T15:52:29 IST" skipped="0">
  <testcase classname="testCases.TC001_AccountRegistrationTest" name="verify_account_registration" time="3.986"/>
</testsuite> <!-- testCases.TC001_AccountRegistrationTest -->
