<?xml version="1.0" encoding="UTF-8"?>
<!-- Generated by org.testng.reporters.JUnitReportReporter -->
<testsuite hostname="Naveen_Kumar" failures="0" tests="1" name="testCases.TC002_LoginTest" time="2.363" errors="0" timestamp="2025-05-06T15:52:29 IST" skipped="0">
  <testcase classname="testCases.TC002_LoginTest" name="verify_login" time="2.363"/>
</testsuite> <!-- testCases.TC002_LoginTest -->
