<?xml version="1.0" encoding="UTF-8"?>
<!-- Generated by org.testng.reporters.JUnitReportReporter -->
<testsuite hostname="Naveen_Kumar" failures="0" tests="1" name="testCases.TC001_AccountRegistrationTest" time="2.118" errors="0" timestamp="2025-05-12T17:26:17 IST" skipped="0">
  <testcase classname="testCases.TC001_AccountRegistrationTest" name="verify_account_registration" time="2.118"/>
</testsuite> <!-- testCases.TC001_AccountRegistrationTest -->
