<?xml version="1.0" encoding="UTF-8"?>
<!-- Generated by org.testng.reporters.JUnitReportReporter -->
<testsuite hostname="Naveen_Kumar" failures="0" tests="1" name="testCases.TC002_LoginTest" time="1.399" errors="0" timestamp="2025-05-12T17:26:17 IST" skipped="0">
  <testcase classname="testCases.TC002_LoginTest" name="verify_login" time="1.399"/>
</testsuite> <!-- testCases.TC002_LoginTest -->
